<?xml version="1.0" encoding="UTF-8"?>
<!-- Generated by org.testng.reporters.JUnitReportReporter -->
<testsuite hostname="TRANGTHU292" name="demo_20140919.Appium_demo" tests="1" failures="0" timestamp="29 Jul 2017 10:11:44 GMT" time="2.576" errors="0">
  <testcase name="f" time="2.576" classname="demo_20140919.Appium_demo"/>
</testsuite> <!-- demo_20140919.Appium_demo -->
